# JRE version: Java(TM) SE Runtime Environment (8.0_221-b11) (build 1.8.0_221-b11)
# Java VM: Java HotSpot(TM) 64-Bit Server VM (25.221-b11 mixed mode windows-amd64 compressed oops)
Heap:
 PSYoungGen      total 88064K, used 69661K [0x00000000d6b00000, 0x00000000ddc00000, 0x0000000100000000)
  eden space 65536K, 95% used [0x00000000d6b00000,0x00000000da830230,0x00000000dab00000)
  from space 22528K, 31% used [0x00000000dc600000,0x00000000dccd7210,0x00000000ddc00000)
  to   space 25088K, 0% used [0x00000000dab00000,0x00000000dab00000,0x00000000dc380000)
 ParOldGen       total 59392K, used 30140K [0x0000000084000000, 0x0000000087a00000, 0x00000000d6b00000)
  object space 59392K, 50% used [0x0000000084000000,0x0000000085d6f3c8,0x0000000087a00000)
 Metaspace       used 26546K, capacity 27300K, committed 27520K, reserved 1073152K
  class space    used 3157K, capacity 3374K, committed 3456K, reserved 1048576K
GC Heap History (10 events):
Event: 150.690 GC heap before
{Heap before GC invocations=16 (full 3):
 PSYoungGen      total 69120K, used 15020K [0x00000000d6b00000, 0x00000000dd700000, 0x0000000100000000)
  eden space 58368K, 25% used [0x00000000d6b00000,0x00000000d79ab030,0x00000000da400000)
  from space 10752K, 0% used [0x00000000dc680000,0x00000000dc680000,0x00000000dd100000)
  to   space 26112K, 0% used [0x00000000da400000,0x00000000da400000,0x00000000dbd80000)
 ParOldGen       total 59392K, used 31940K [0x0000000084000000, 0x0000000087a00000, 0x00000000d6b00000)
  object space 59392K, 53% used [0x0000000084000000,0x0000000085f310e8,0x0000000087a00000)
 Metaspace       used 25931K, capacity 26686K, committed 27008K, reserved 1073152K
  class space    used 3107K, capacity 3341K, committed 3456K, reserved 1048576K
Event: 150.700 GC heap after
Heap after GC invocations=16 (full 3):
 PSYoungGen      total 84480K, used 813K [0x00000000d6b00000, 0x00000000dd800000, 0x0000000100000000)
  eden space 58368K, 0% used [0x00000000d6b00000,0x00000000d6b00000,0x00000000da400000)
  from space 26112K, 3% used [0x00000000da400000,0x00000000da4cb458,0x00000000dbd80000)
  to   space 26624K, 0% used [0x00000000dbe00000,0x00000000dbe00000,0x00000000dd800000)
 ParOldGen       total 59392K, used 31940K [0x0000000084000000, 0x0000000087a00000, 0x00000000d6b00000)
  object space 59392K, 53% used [0x0000000084000000,0x0000000085f310e8,0x0000000087a00000)
 Metaspace       used 25931K, capacity 26686K, committed 27008K, reserved 1073152K
  class space    used 3107K, capacity 3341K, committed 3456K, reserved 1048576K
}
Event: 150.700 GC heap before
{Heap before GC invocations=17 (full 4):
 PSYoungGen      total 84480K, used 813K [0x00000000d6b00000, 0x00000000dd800000, 0x0000000100000000)
  eden space 58368K, 0% used [0x00000000d6b00000,0x00000000d6b00000,0x00000000da400000)
  from space 26112K, 3% used [0x00000000da400000,0x00000000da4cb458,0x00000000dbd80000)
  to   space 26624K, 0% used [0x00000000dbe00000,0x00000000dbe00000,0x00000000dd800000)
 ParOldGen       total 59392K, used 31940K [0x0000000084000000, 0x0000000087a00000, 0x00000000d6b00000)
  object space 59392K, 53% used [0x0000000084000000,0x0000000085f310e8,0x0000000087a00000)
 Metaspace       used 25931K, capacity 26686K, committed 27008K, reserved 1073152K
  class space    used 3107K, capacity 3341K, committed 3456K, reserved 1048576K
Event: 150.920 GC heap after
Heap after GC invocations=17 (full 4):
 PSYoungGen      total 84480K, used 0K [0x00000000d6b00000, 0x00000000dd800000, 0x0000000100000000)
  eden space 58368K, 0% used [0x00000000d6b00000,0x00000000d6b00000,0x00000000da400000)
  from space 26112K, 0% used [0x00000000da400000,0x00000000da400000,0x00000000dbd80000)
  to   space 26624K, 0% used [0x00000000dbe00000,0x00000000dbe00000,0x00000000dd800000)
 ParOldGen       total 59392K, used 30140K [0x0000000084000000, 0x0000000087a00000, 0x00000000d6b00000)
  object space 59392K, 50% used [0x0000000084000000,0x0000000085d6f3c8,0x0000000087a00000)
 Metaspace       used 25931K, capacity 26686K, committed 27008K, reserved 1073152K
  class space    used 3107K, capacity 3341K, committed 3456K, reserved 1048576K
}
Event: 153.504 GC heap before
{Heap before GC invocations=18 (full 4):
 PSYoungGen      total 84480K, used 57919K [0x00000000d6b00000, 0x00000000dd800000, 0x0000000100000000)
  eden space 58368K, 99% used [0x00000000d6b00000,0x00000000da38fc68,0x00000000da400000)
  from space 26112K, 0% used [0x00000000da400000,0x00000000da400000,0x00000000dbd80000)
  to   space 26624K, 0% used [0x00000000dbe00000,0x00000000dbe00000,0x00000000dd800000)
 ParOldGen       total 59392K, used 30140K [0x0000000084000000, 0x0000000087a00000, 0x00000000d6b00000)
  object space 59392K, 50% used [0x0000000084000000,0x0000000085d6f3c8,0x0000000087a00000)
 Metaspace       used 26102K, capacity 26878K, committed 27264K, reserved 1073152K
  class space    used 3109K, capacity 3341K, committed 3456K, reserved 1048576K
Event: 153.509 GC heap after
Heap after GC invocations=18 (full 4):
 PSYoungGen      total 84992K, used 224K [0x00000000d6b00000, 0x00000000ddf80000, 0x0000000100000000)
  eden space 58368K, 0% used [0x00000000d6b00000,0x00000000d6b00000,0x00000000da400000)
  from space 26624K, 0% used [0x00000000dbe00000,0x00000000dbe38000,0x00000000dd800000)
  to   space 26624K, 0% used [0x00000000da400000,0x00000000da400000,0x00000000dbe00000)
 ParOldGen       total 59392K, used 30140K [0x0000000084000000, 0x0000000087a00000, 0x00000000d6b00000)
  object space 59392K, 50% used [0x0000000084000000,0x0000000085d6f3c8,0x0000000087a00000)
 Metaspace       used 26102K, capacity 26878K, committed 27264K, reserved 1073152K
  class space    used 3109K, capacity 3341K, committed 3456K, reserved 1048576K
}
Event: 154.528 GC heap before
{Heap before GC invocations=19 (full 4):
 PSYoungGen      total 84992K, used 58592K [0x00000000d6b00000, 0x00000000ddf80000, 0x0000000100000000)
  eden space 58368K, 100% used [0x00000000d6b00000,0x00000000da400000,0x00000000da400000)
  from space 26624K, 0% used [0x00000000dbe00000,0x00000000dbe38000,0x00000000dd800000)
  to   space 26624K, 0% used [0x00000000da400000,0x00000000da400000,0x00000000dbe00000)
 ParOldGen       total 59392K, used 30140K [0x0000000084000000, 0x0000000087a00000, 0x00000000d6b00000)
  object space 59392K, 50% used [0x0000000084000000,0x0000000085d6f3c8,0x0000000087a00000)
 Metaspace       used 26134K, capacity 26878K, committed 27264K, reserved 1073152K
  class space    used 3110K, capacity 3341K, committed 3456K, reserved 1048576K
Event: 154.530 GC heap after
Heap after GC invocations=19 (full 4):
 PSYoungGen      total 84992K, used 1631K [0x00000000d6b00000, 0x00000000de000000, 0x0000000100000000)
  eden space 58368K, 0% used [0x00000000d6b00000,0x00000000d6b00000,0x00000000da400000)
  from space 26624K, 6% used [0x00000000da400000,0x00000000da597c80,0x00000000dbe00000)
  to   space 26624K, 0% used [0x00000000dc600000,0x00000000dc600000,0x00000000de000000)
 ParOldGen       total 59392K, used 30140K [0x0000000084000000, 0x0000000087a00000, 0x00000000d6b00000)
  object space 59392K, 50% used [0x0000000084000000,0x0000000085d6f3c8,0x0000000087a00000)
 Metaspace       used 26134K, capacity 26878K, committed 27264K, reserved 1073152K
  class space    used 3110K, capacity 3341K, committed 3456K, reserved 1048576K
}
Event: 157.562 GC heap before
{Heap before GC invocations=20 (full 4):
 PSYoungGen      total 84992K, used 59999K [0x00000000d6b00000, 0x00000000de000000, 0x0000000100000000)
  eden space 58368K, 100% used [0x00000000d6b00000,0x00000000da400000,0x00000000da400000)
  from space 26624K, 6% used [0x00000000da400000,0x00000000da597c80,0x00000000dbe00000)
  to   space 26624K, 0% used [0x00000000dc600000,0x00000000dc600000,0x00000000de000000)
 ParOldGen       total 59392K, used 30140K [0x0000000084000000, 0x0000000087a00000, 0x00000000d6b00000)
  object space 59392K, 50% used [0x0000000084000000,0x0000000085d6f3c8,0x0000000087a00000)
 Metaspace       used 26369K, capacity 27108K, committed 27520K, reserved 1073152K
  class space    used 3149K, capacity 3374K, committed 3456K, reserved 1048576K
Event: 157.566 GC heap after
Heap after GC invocations=20 (full 4):
 PSYoungGen      total 88064K, used 7004K [0x00000000d6b00000, 0x00000000ddc00000, 0x0000000100000000)
  eden space 65536K, 0% used [0x00000000d6b00000,0x00000000d6b00000,0x00000000dab00000)
  from space 22528K, 31% used [0x00000000dc600000,0x00000000dccd7210,0x00000000ddc00000)
  to   space 25088K, 0% used [0x00000000dab00000,0x00000000dab00000,0x00000000dc380000)
 ParOldGen       total 59392K, used 30140K [0x0000000084000000, 0x0000000087a00000, 0x00000000d6b00000)
  object space 59392K, 50% used [0x0000000084000000,0x0000000085d6f3c8,0x0000000087a00000)
 Metaspace       used 26369K, capacity 27108K, committed 27520K, reserved 1073152K
  class space    used 3149K, capacity 3374K, committed 3456K, reserved 1048576K
}

